{"name":"register new user information","id":"register-utest;register-new-user-information","testSteps":[{"number":1,"description":"Given Camilo wants to register in Utest\r\n| strFirstName | strLastName | strEmail | strMonth | strDay | strYear |\r\n| Ramses | Torres | rammsest@gmail.com | October | 6 | 1991 |","duration":14475,"startTime":"2021-03-18T12:12:08.879261500-05:00[America/Bogota]","exception":{"errorType":"net.thucydides.core.webdriver.exceptions.ElementShouldBeEnabledException","message":"Expected enabled element was not enabled","stackTrace":[{"classLoaderName":"app","declaringClass":"co.com.choucair.pruebatecnica.tasks.RegisterPage","methodName":"performAs","fileName":"RegisterPage.java","lineNumber":28,"format":1},{"classLoaderName":"app","declaringClass":"co.com.choucair.pruebatecnica.stepdefinitions.RegisterUtestStepDefinitions","methodName":"camilo_wants_to_register_in_Utest","fileName":"RegisterUtestStepDefinitions.java","lineNumber":25,"format":1},{"classLoaderName":"app","declaringClass":"cucumber.runner.Runner","methodName":"runPickle","fileName":"Runner.java","lineNumber":80,"format":1}],"rootCause":{"errorType":"org.openqa.selenium.TimeoutException","message":"Expected condition failed: waiting for By.xpath: //ul[@class\u003dâ€™nav navbar-nav â€™]//li[@class\u003dâ€™unauthenticated-nav-bar__sign-upâ€™] to be enabled (tried for 5 second(s) with 100 milliseconds interval)","stackTrace":[{"classLoaderName":"app","declaringClass":"co.com.choucair.pruebatecnica.tasks.RegisterPage","methodName":"performAs","fileName":"RegisterPage.java","lineNumber":28,"format":1},{"classLoaderName":"app","declaringClass":"co.com.choucair.pruebatecnica.stepdefinitions.RegisterUtestStepDefinitions","methodName":"camilo_wants_to_register_in_Utest","fileName":"RegisterUtestStepDefinitions.java","lineNumber":25,"format":1},{"classLoaderName":"app","declaringClass":"cucumber.runner.Runner","methodName":"runPickle","fileName":"Runner.java","lineNumber":80,"format":1}],"rootCause":{"errorType":"org.openqa.selenium.InvalidSelectorException","message":"invalid selector: Unable to locate an element with the xpath expression //ul[@class\u003dâ€™nav navbar-nav â€™]//li[@class\u003dâ€™unauthenticated-nav-bar__sign-upâ€™] because of the following error:\nSyntaxError: Failed to execute \u0027evaluate\u0027 on \u0027Document\u0027: The string \u0027//ul[@class\u003dâ€™nav navbar-nav â€™]//li[@class\u003dâ€™unauthenticated-nav-bar__sign-upâ€™]\u0027 is not a valid XPath expression.\n  (Session info: chrome\u003d89.0.4389.90)\nFor documentation on this error, please visit: https://www.seleniumhq.org/exceptions/invalid_selector_exception.html\nBuild info: version: \u00273.141.59\u0027, revision: \u0027e82be7d358\u0027, time: \u00272018-11-14T08:17:03\u0027\nSystem info: host: \u0027DESKTOP-NKG37V4\u0027, ip: \u0027192.168.1.222\u0027, os.name: \u0027Windows 10\u0027, os.arch: \u0027amd64\u0027, os.version: \u002710.0\u0027, java.version: \u002711.0.4\u0027\nDriver info: org.openqa.selenium.chrome.ChromeDriver\nCapabilities {acceptInsecureCerts: false, browserName: chrome, browserVersion: 89.0.4389.90, chrome: {chromedriverVersion: 89.0.4389.23 (61b08ee2c5002..., userDataDir: C:\\Users\\ramze\\AppData\\Loca...}, goog:chromeOptions: {debuggerAddress: localhost:62421}, javascriptEnabled: true, networkConnectionEnabled: false, pageLoadStrategy: normal, platform: WINDOWS, platformName: WINDOWS, proxy: Proxy(), setWindowRect: true, strictFileInteractability: false, timeouts: {implicit: 0, pageLoad: 300000, script: 30000}, unhandledPromptBehavior: dismiss and notify, webauthn:extension:largeBlob: true, webauthn:virtualAuthenticators: true}\nSession ID: 92f2a83d718d9335be8bbcff6b86c5d9\n*** Element info: {Using\u003dxpath, value\u003d//ul[@class\u003dâ€™nav navbar-nav â€™]//li[@class\u003dâ€™unauthenticated-nav-bar__sign-upâ€™]}","stackTrace":[{"classLoaderName":"app","declaringClass":"co.com.choucair.pruebatecnica.tasks.RegisterPage","methodName":"performAs","fileName":"RegisterPage.java","lineNumber":28,"format":1},{"classLoaderName":"app","declaringClass":"co.com.choucair.pruebatecnica.stepdefinitions.RegisterUtestStepDefinitions","methodName":"camilo_wants_to_register_in_Utest","fileName":"RegisterUtestStepDefinitions.java","lineNumber":25,"format":1},{"classLoaderName":"app","declaringClass":"cucumber.runner.Runner","methodName":"runPickle","fileName":"Runner.java","lineNumber":80,"format":1}]}}},"result":"FAILURE","precondition":false,"level":0,"lineNumber":0,"children":[{"number":2,"description":"Camilo open up","duration":8166,"startTime":"2021-03-18T12:12:09.502885900-05:00[America/Bogota]","screenshots":[{"screenshot":"9052282bdbc45823b32f78c4230c53159da93c8af6a0a2ac47d21cbe721ee381.png","timeStamp":1616087537669}],"result":"SUCCESS","precondition":false,"level":1,"lineNumber":0,"children":[{"number":3,"description":"Camilo opens the Utest page","duration":8132,"startTime":"2021-03-18T12:12:09.519876900-05:00[America/Bogota]","screenshots":[{"screenshot":"9052282bdbc45823b32f78c4230c53159da93c8af6a0a2ac47d21cbe721ee381.png","timeStamp":1616087537652}],"result":"SUCCESS","precondition":false,"level":2,"lineNumber":0}]},{"number":4,"description":"Camilo register page","duration":5673,"startTime":"2021-03-18T12:12:17.671358800-05:00[America/Bogota]","exception":{"errorType":"net.thucydides.core.webdriver.exceptions.ElementShouldBeEnabledException","message":"Expected enabled element was not enabled","stackTrace":[{"classLoaderName":"app","declaringClass":"co.com.choucair.pruebatecnica.tasks.RegisterPage","methodName":"performAs","fileName":"RegisterPage.java","lineNumber":28,"format":1},{"classLoaderName":"app","declaringClass":"co.com.choucair.pruebatecnica.stepdefinitions.RegisterUtestStepDefinitions","methodName":"camilo_wants_to_register_in_Utest","fileName":"RegisterUtestStepDefinitions.java","lineNumber":25,"format":1},{"classLoaderName":"app","declaringClass":"cucumber.runner.Runner","methodName":"runPickle","fileName":"Runner.java","lineNumber":80,"format":1}],"rootCause":{"errorType":"org.openqa.selenium.TimeoutException","message":"Expected condition failed: waiting for By.xpath: //ul[@class\u003dâ€™nav navbar-nav â€™]//li[@class\u003dâ€™unauthenticated-nav-bar__sign-upâ€™] to be enabled (tried for 5 second(s) with 100 milliseconds interval)","stackTrace":[{"classLoaderName":"app","declaringClass":"co.com.choucair.pruebatecnica.tasks.RegisterPage","methodName":"performAs","fileName":"RegisterPage.java","lineNumber":28,"format":1},{"classLoaderName":"app","declaringClass":"co.com.choucair.pruebatecnica.stepdefinitions.RegisterUtestStepDefinitions","methodName":"camilo_wants_to_register_in_Utest","fileName":"RegisterUtestStepDefinitions.java","lineNumber":25,"format":1},{"classLoaderName":"app","declaringClass":"cucumber.runner.Runner","methodName":"runPickle","fileName":"Runner.java","lineNumber":80,"format":1}],"rootCause":{"errorType":"org.openqa.selenium.InvalidSelectorException","message":"invalid selector: Unable to locate an element with the xpath expression //ul[@class\u003dâ€™nav navbar-nav â€™]//li[@class\u003dâ€™unauthenticated-nav-bar__sign-upâ€™] because of the following error:\nSyntaxError: Failed to execute \u0027evaluate\u0027 on \u0027Document\u0027: The string \u0027//ul[@class\u003dâ€™nav navbar-nav â€™]//li[@class\u003dâ€™unauthenticated-nav-bar__sign-upâ€™]\u0027 is not a valid XPath expression.\n  (Session info: chrome\u003d89.0.4389.90)\nFor documentation on this error, please visit: https://www.seleniumhq.org/exceptions/invalid_selector_exception.html\nBuild info: version: \u00273.141.59\u0027, revision: \u0027e82be7d358\u0027, time: \u00272018-11-14T08:17:03\u0027\nSystem info: host: \u0027DESKTOP-NKG37V4\u0027, ip: \u0027192.168.1.222\u0027, os.name: \u0027Windows 10\u0027, os.arch: \u0027amd64\u0027, os.version: \u002710.0\u0027, java.version: \u002711.0.4\u0027\nDriver info: org.openqa.selenium.chrome.ChromeDriver\nCapabilities {acceptInsecureCerts: false, browserName: chrome, browserVersion: 89.0.4389.90, chrome: {chromedriverVersion: 89.0.4389.23 (61b08ee2c5002..., userDataDir: C:\\Users\\ramze\\AppData\\Loca...}, goog:chromeOptions: {debuggerAddress: localhost:62421}, javascriptEnabled: true, networkConnectionEnabled: false, pageLoadStrategy: normal, platform: WINDOWS, platformName: WINDOWS, proxy: Proxy(), setWindowRect: true, strictFileInteractability: false, timeouts: {implicit: 0, pageLoad: 300000, script: 30000}, unhandledPromptBehavior: dismiss and notify, webauthn:extension:largeBlob: true, webauthn:virtualAuthenticators: true}\nSession ID: 92f2a83d718d9335be8bbcff6b86c5d9\n*** Element info: {Using\u003dxpath, value\u003d//ul[@class\u003dâ€™nav navbar-nav â€™]//li[@class\u003dâ€™unauthenticated-nav-bar__sign-upâ€™]}","stackTrace":[{"classLoaderName":"app","declaringClass":"co.com.choucair.pruebatecnica.tasks.RegisterPage","methodName":"performAs","fileName":"RegisterPage.java","lineNumber":28,"format":1},{"classLoaderName":"app","declaringClass":"co.com.choucair.pruebatecnica.stepdefinitions.RegisterUtestStepDefinitions","methodName":"camilo_wants_to_register_in_Utest","fileName":"RegisterUtestStepDefinitions.java","lineNumber":25,"format":1},{"classLoaderName":"app","declaringClass":"cucumber.runner.Runner","methodName":"runPickle","fileName":"Runner.java","lineNumber":80,"format":1}]}}},"result":"FAILURE","precondition":false,"level":1,"lineNumber":0,"children":[{"number":5,"description":"Camilo clicks on Button that shows us the form to register","duration":5627,"startTime":"2021-03-18T12:12:17.705339700-05:00[America/Bogota]","screenshots":[{"screenshot":"9052282bdbc45823b32f78c4230c53159da93c8af6a0a2ac47d21cbe721ee381.png","htmlSource":"pagesource752808893725122027.html.txt","timeStamp":1616087543328}],"exception":{"errorType":"net.thucydides.core.webdriver.exceptions.ElementShouldBeEnabledException","message":"Expected enabled element was not enabled","stackTrace":[{"classLoaderName":"app","declaringClass":"co.com.choucair.pruebatecnica.tasks.RegisterPage","methodName":"performAs","fileName":"RegisterPage.java","lineNumber":28,"format":1},{"classLoaderName":"app","declaringClass":"co.com.choucair.pruebatecnica.stepdefinitions.RegisterUtestStepDefinitions","methodName":"camilo_wants_to_register_in_Utest","fileName":"RegisterUtestStepDefinitions.java","lineNumber":25,"format":1},{"classLoaderName":"app","declaringClass":"cucumber.runner.Runner","methodName":"runPickle","fileName":"Runner.java","lineNumber":80,"format":1}],"rootCause":{"errorType":"org.openqa.selenium.TimeoutException","message":"Expected condition failed: waiting for By.xpath: //ul[@class\u003dâ€™nav navbar-nav â€™]//li[@class\u003dâ€™unauthenticated-nav-bar__sign-upâ€™] to be enabled (tried for 5 second(s) with 100 milliseconds interval)","stackTrace":[{"classLoaderName":"app","declaringClass":"co.com.choucair.pruebatecnica.tasks.RegisterPage","methodName":"performAs","fileName":"RegisterPage.java","lineNumber":28,"format":1},{"classLoaderName":"app","declaringClass":"co.com.choucair.pruebatecnica.stepdefinitions.RegisterUtestStepDefinitions","methodName":"camilo_wants_to_register_in_Utest","fileName":"RegisterUtestStepDefinitions.java","lineNumber":25,"format":1},{"classLoaderName":"app","declaringClass":"cucumber.runner.Runner","methodName":"runPickle","fileName":"Runner.java","lineNumber":80,"format":1}],"rootCause":{"errorType":"org.openqa.selenium.InvalidSelectorException","message":"invalid selector: Unable to locate an element with the xpath expression //ul[@class\u003dâ€™nav navbar-nav â€™]//li[@class\u003dâ€™unauthenticated-nav-bar__sign-upâ€™] because of the following error:\nSyntaxError: Failed to execute \u0027evaluate\u0027 on \u0027Document\u0027: The string \u0027//ul[@class\u003dâ€™nav navbar-nav â€™]//li[@class\u003dâ€™unauthenticated-nav-bar__sign-upâ€™]\u0027 is not a valid XPath expression.\n  (Session info: chrome\u003d89.0.4389.90)\nFor documentation on this error, please visit: https://www.seleniumhq.org/exceptions/invalid_selector_exception.html\nBuild info: version: \u00273.141.59\u0027, revision: \u0027e82be7d358\u0027, time: \u00272018-11-14T08:17:03\u0027\nSystem info: host: \u0027DESKTOP-NKG37V4\u0027, ip: \u0027192.168.1.222\u0027, os.name: \u0027Windows 10\u0027, os.arch: \u0027amd64\u0027, os.version: \u002710.0\u0027, java.version: \u002711.0.4\u0027\nDriver info: org.openqa.selenium.chrome.ChromeDriver\nCapabilities {acceptInsecureCerts: false, browserName: chrome, browserVersion: 89.0.4389.90, chrome: {chromedriverVersion: 89.0.4389.23 (61b08ee2c5002..., userDataDir: C:\\Users\\ramze\\AppData\\Loca...}, goog:chromeOptions: {debuggerAddress: localhost:62421}, javascriptEnabled: true, networkConnectionEnabled: false, pageLoadStrategy: normal, platform: WINDOWS, platformName: WINDOWS, proxy: Proxy(), setWindowRect: true, strictFileInteractability: false, timeouts: {implicit: 0, pageLoad: 300000, script: 30000}, unhandledPromptBehavior: dismiss and notify, webauthn:extension:largeBlob: true, webauthn:virtualAuthenticators: true}\nSession ID: 92f2a83d718d9335be8bbcff6b86c5d9\n*** Element info: {Using\u003dxpath, value\u003d//ul[@class\u003dâ€™nav navbar-nav â€™]//li[@class\u003dâ€™unauthenticated-nav-bar__sign-upâ€™]}","stackTrace":[{"classLoaderName":"app","declaringClass":"co.com.choucair.pruebatecnica.tasks.RegisterPage","methodName":"performAs","fileName":"RegisterPage.java","lineNumber":28,"format":1},{"classLoaderName":"app","declaringClass":"co.com.choucair.pruebatecnica.stepdefinitions.RegisterUtestStepDefinitions","methodName":"camilo_wants_to_register_in_Utest","fileName":"RegisterUtestStepDefinitions.java","lineNumber":25,"format":1},{"classLoaderName":"app","declaringClass":"cucumber.runner.Runner","methodName":"runPickle","fileName":"Runner.java","lineNumber":80,"format":1}]}}},"result":"FAILURE","precondition":false,"level":2,"lineNumber":0}]}]},{"number":6,"description":"When we proceed to register our location, we proceed to register our devices\r\n| strCity | strMobile | strModel | strSystemOperating |\r\n| Bogota | Huawei | P20 lite | Android 9.0 (Pie) |","duration":3,"startTime":"2021-03-18T12:12:23.372998200-05:00[America/Bogota]","result":"SKIPPED","precondition":false,"level":0,"lineNumber":0},{"number":7,"description":"Then we finally create a key\r\n| strPassword | strCheckPassword |\r\n| Torres1006* | Torres1006* |","duration":1,"startTime":"2021-03-18T12:12:23.382993100-05:00[America/Bogota]","result":"SKIPPED","precondition":false,"level":0,"lineNumber":0}],"userStory":{"id":"register-utest","storyName":"Register UTest","path":"src/test/resources/features/RegisterUtest.feature","narrative":"    As a new tester, he want to learn new skills while helping world-class companies deliver amazing digital experiences.","type":"feature"},"featureTag":{"name":"Features/Register UTest","type":"feature","displayName":"Features/Register UTest"},"title":"register new user information","tags":[{"name":"scenario1","type":"tag","displayName":"scenario1"},{"name":"Register UTest","type":"feature","displayName":"Register UTest"},{"name":"stories","type":"tag","displayName":"stories"}],"startTime":"2021-03-18T12:12:08.729334700-05:00[America/Bogota]","duration":14658,"testFailureCause":{"errorType":"net.thucydides.core.webdriver.exceptions.ElementShouldBeEnabledException","message":"Expected enabled element was not enabled","stackTrace":[{"classLoaderName":"app","declaringClass":"co.com.choucair.pruebatecnica.tasks.RegisterPage","methodName":"performAs","fileName":"RegisterPage.java","lineNumber":28,"format":1},{"classLoaderName":"app","declaringClass":"co.com.choucair.pruebatecnica.stepdefinitions.RegisterUtestStepDefinitions","methodName":"camilo_wants_to_register_in_Utest","fileName":"RegisterUtestStepDefinitions.java","lineNumber":25,"format":1},{"classLoaderName":"app","declaringClass":"cucumber.runner.Runner","methodName":"runPickle","fileName":"Runner.java","lineNumber":80,"format":1}],"rootCause":{"errorType":"org.openqa.selenium.TimeoutException","message":"Expected condition failed: waiting for By.xpath: //ul[@class\u003dâ€™nav navbar-nav â€™]//li[@class\u003dâ€™unauthenticated-nav-bar__sign-upâ€™] to be enabled (tried for 5 second(s) with 100 milliseconds interval)","stackTrace":[{"classLoaderName":"app","declaringClass":"co.com.choucair.pruebatecnica.tasks.RegisterPage","methodName":"performAs","fileName":"RegisterPage.java","lineNumber":28,"format":1},{"classLoaderName":"app","declaringClass":"co.com.choucair.pruebatecnica.stepdefinitions.RegisterUtestStepDefinitions","methodName":"camilo_wants_to_register_in_Utest","fileName":"RegisterUtestStepDefinitions.java","lineNumber":25,"format":1},{"classLoaderName":"app","declaringClass":"cucumber.runner.Runner","methodName":"runPickle","fileName":"Runner.java","lineNumber":80,"format":1}],"rootCause":{"errorType":"org.openqa.selenium.InvalidSelectorException","message":"invalid selector: Unable to locate an element with the xpath expression //ul[@class\u003dâ€™nav navbar-nav â€™]//li[@class\u003dâ€™unauthenticated-nav-bar__sign-upâ€™] because of the following error:\nSyntaxError: Failed to execute \u0027evaluate\u0027 on \u0027Document\u0027: The string \u0027//ul[@class\u003dâ€™nav navbar-nav â€™]//li[@class\u003dâ€™unauthenticated-nav-bar__sign-upâ€™]\u0027 is not a valid XPath expression.\n  (Session info: chrome\u003d89.0.4389.90)\nFor documentation on this error, please visit: https://www.seleniumhq.org/exceptions/invalid_selector_exception.html\nBuild info: version: \u00273.141.59\u0027, revision: \u0027e82be7d358\u0027, time: \u00272018-11-14T08:17:03\u0027\nSystem info: host: \u0027DESKTOP-NKG37V4\u0027, ip: \u0027192.168.1.222\u0027, os.name: \u0027Windows 10\u0027, os.arch: \u0027amd64\u0027, os.version: \u002710.0\u0027, java.version: \u002711.0.4\u0027\nDriver info: org.openqa.selenium.chrome.ChromeDriver\nCapabilities {acceptInsecureCerts: false, browserName: chrome, browserVersion: 89.0.4389.90, chrome: {chromedriverVersion: 89.0.4389.23 (61b08ee2c5002..., userDataDir: C:\\Users\\ramze\\AppData\\Loca...}, goog:chromeOptions: {debuggerAddress: localhost:62421}, javascriptEnabled: true, networkConnectionEnabled: false, pageLoadStrategy: normal, platform: WINDOWS, platformName: WINDOWS, proxy: Proxy(), setWindowRect: true, strictFileInteractability: false, timeouts: {implicit: 0, pageLoad: 300000, script: 30000}, unhandledPromptBehavior: dismiss and notify, webauthn:extension:largeBlob: true, webauthn:virtualAuthenticators: true}\nSession ID: 92f2a83d718d9335be8bbcff6b86c5d9\n*** Element info: {Using\u003dxpath, value\u003d//ul[@class\u003dâ€™nav navbar-nav â€™]//li[@class\u003dâ€™unauthenticated-nav-bar__sign-upâ€™]}","stackTrace":[{"classLoaderName":"app","declaringClass":"co.com.choucair.pruebatecnica.tasks.RegisterPage","methodName":"performAs","fileName":"RegisterPage.java","lineNumber":28,"format":1},{"classLoaderName":"app","declaringClass":"co.com.choucair.pruebatecnica.stepdefinitions.RegisterUtestStepDefinitions","methodName":"camilo_wants_to_register_in_Utest","fileName":"RegisterUtestStepDefinitions.java","lineNumber":25,"format":1},{"classLoaderName":"app","declaringClass":"cucumber.runner.Runner","methodName":"runPickle","fileName":"Runner.java","lineNumber":80,"format":1}]}}},"testFailureClassname":"net.thucydides.core.webdriver.exceptions.ElementShouldBeEnabledException","testFailureMessage":"Expected enabled element was not enabled","testFailureSummary":"FAILURE;net.thucydides.core.webdriver.exceptions.ElementShouldBeEnabledException;Expected enabled element was not enabled;RegisterPage.java","projectKey":"","annotatedResult":"FAILURE","sessionId":"92f2a83d718d9335be8bbcff6b86c5d9","driver":"chrome:camilo","isManualTestingUpToDate":false,"manual":false,"testSource":"Cucumber","actors":[{"name":"Camilo","can":["browse the web"]}],"result":"FAILURE"}